<?xml version="1.0" encoding="UTF-8"?>
<!-- Generated by org.testng.reporters.JUnitReportReporter -->
<testsuite hostname="DESKTOP-IUPMKAS" failures="0" tests="1" name="com.qa.TestBase.TestBase" time="32.113" errors="0" timestamp="2022-08-13T21:57:21 IST" skipped="0">
  <testcase classname="com.qa.TestBase.TestBase" name="setUp" time="32.113"/>
  <system-out/>
</testsuite> <!-- com.qa.TestBase.TestBase -->
